<?xml version="1.0" encoding="UTF-8"?>
<!-- Generated by org.testng.reporters.JUnitReportReporter -->
<testsuite hostname="N15538C" name="sanity.GrafanaWeb" tests="10" failures="0" timestamp="16 Feb 2021 14:44:18 GMT" time="93.004" errors="0">
  <testcase name="test07_searchUsers" time="5.063" classname="sanity.GrafanaWeb"/>
  <testcase name="test07_searchUsers" time="16.389" classname="sanity.GrafanaWeb"/>
  <testcase name="test04_verifyUserDeletion" time="4.948" classname="sanity.GrafanaWeb"/>
  <testcase name="test05_verifyProgressSteps" time="1.560" classname="sanity.GrafanaWeb"/>
  <testcase name="test08_dragAndDropHeader" time="5.685" classname="sanity.GrafanaWeb"/>
  <testcase name="test01_verifyHeader" time="19.356" classname="sanity.GrafanaWeb"/>
  <testcase name="test06_verifyAvatarIcon" time="7.268" classname="sanity.GrafanaWeb"/>
  <testcase name="test03_verifyNewUser" time="10.931" classname="sanity.GrafanaWeb"/>
  <testcase name="test07_searchUsers" time="16.065" classname="sanity.GrafanaWeb"/>
  <testcase name="test02_verifyDefaultUsers" time="5.739" classname="sanity.GrafanaWeb"/>
</testsuite> <!-- sanity.GrafanaWeb -->
