<?xml version="1.0" encoding="UTF-8"?>
<testsuite xmlns:xsi="http://www.w3.org/2001/XMLSchema-instance" xsi:noNamespaceSchemaLocation="https://maven.apache.org/surefire/maven-surefire-plugin/xsd/surefire-test-report.xsd" name="TestSuite" time="150.695" tests="10" errors="0" skipped="0" failures="0">
  <properties>
    <property name="sun.desktop" value="windows"/>
    <property name="awt.toolkit" value="sun.awt.windows.WToolkit"/>
    <property name="file.encoding.pkg" value="sun.io"/>
    <property name="java.specification.version" value="1.8"/>
    <property name="sun.cpu.isalist" value="amd64"/>
    <property name="sun.jnu.encoding" value="Cp1255"/>
    <property name="java.class.path" value="C:\FinalProjectAutomation\FinalProject\target\test-classes;C:\FinalProjectAutomation\FinalProject\target\classes;C:\Users\y26634\.m2\repository\net\java\dev\jna\jna\5.5.0\jna-5.5.0.jar;C:\Users\y26634\.m2\repository\org\seleniumhq\selenium\selenium-java\3.141.59\selenium-java-3.141.59.jar;C:\Users\y26634\.m2\repository\org\seleniumhq\selenium\selenium-chrome-driver\3.141.59\selenium-chrome-driver-3.141.59.jar;C:\Users\y26634\.m2\repository\org\seleniumhq\selenium\selenium-edge-driver\3.141.59\selenium-edge-driver-3.141.59.jar;C:\Users\y26634\.m2\repository\org\seleniumhq\selenium\selenium-firefox-driver\3.141.59\selenium-firefox-driver-3.141.59.jar;C:\Users\y26634\.m2\repository\org\seleniumhq\selenium\selenium-ie-driver\3.141.59\selenium-ie-driver-3.141.59.jar;C:\Users\y26634\.m2\repository\org\seleniumhq\selenium\selenium-opera-driver\3.141.59\selenium-opera-driver-3.141.59.jar;C:\Users\y26634\.m2\repository\org\seleniumhq\selenium\selenium-remote-driver\3.141.59\selenium-remote-driver-3.141.59.jar;C:\Users\y26634\.m2\repository\org\seleniumhq\selenium\selenium-safari-driver\3.141.59\selenium-safari-driver-3.141.59.jar;C:\Users\y26634\.m2\repository\org\seleniumhq\selenium\selenium-support\3.141.59\selenium-support-3.141.59.jar;C:\Users\y26634\.m2\repository\net\bytebuddy\byte-buddy\1.8.15\byte-buddy-1.8.15.jar;C:\Users\y26634\.m2\repository\org\apache\commons\commons-exec\1.3\commons-exec-1.3.jar;C:\Users\y26634\.m2\repository\com\google\guava\guava\25.0-jre\guava-25.0-jre.jar;C:\Users\y26634\.m2\repository\com\google\code\findbugs\jsr305\1.3.9\jsr305-1.3.9.jar;C:\Users\y26634\.m2\repository\org\checkerframework\checker-compat-qual\2.0.0\checker-compat-qual-2.0.0.jar;C:\Users\y26634\.m2\repository\com\google\errorprone\error_prone_annotations\2.1.3\error_prone_annotations-2.1.3.jar;C:\Users\y26634\.m2\repository\com\google\j2objc\j2objc-annotations\1.1\j2objc-annotations-1.1.jar;C:\Users\y26634\.m2\repository\org\codehaus\mojo\animal-sniffer-annotations\1.14\animal-sniffer-annotations-1.14.jar;C:\Users\y26634\.m2\repository\com\squareup\okhttp3\okhttp\3.11.0\okhttp-3.11.0.jar;C:\Users\y26634\.m2\repository\com\squareup\okio\okio\1.14.0\okio-1.14.0.jar;C:\Users\y26634\.m2\repository\org\testng\testng\6.9.10\testng-6.9.10.jar;C:\Users\y26634\.m2\repository\com\beust\jcommander\1.48\jcommander-1.48.jar;C:\Users\y26634\.m2\repository\org\beanshell\bsh\2.0b4\bsh-2.0b4.jar;C:\Users\y26634\.m2\repository\io\github\bonigarcia\webdrivermanager\4.2.2\webdrivermanager-4.2.2.jar;C:\Users\y26634\.m2\repository\commons-io\commons-io\2.8.0\commons-io-2.8.0.jar;C:\Users\y26634\.m2\repository\com\google\code\gson\gson\2.8.6\gson-2.8.6.jar;C:\Users\y26634\.m2\repository\org\apache\commons\commons-lang3\3.11\commons-lang3-3.11.jar;C:\Users\y26634\.m2\repository\org\apache\httpcomponents\client5\httpclient5\5.0.1\httpclient5-5.0.1.jar;C:\Users\y26634\.m2\repository\org\apache\httpcomponents\core5\httpcore5\5.0.1\httpcore5-5.0.1.jar;C:\Users\y26634\.m2\repository\org\apache\httpcomponents\core5\httpcore5-h2\5.0.1\httpcore5-h2-5.0.1.jar;C:\Users\y26634\.m2\repository\commons-codec\commons-codec\1.13\commons-codec-1.13.jar;C:\Users\y26634\.m2\repository\org\rauschig\jarchivelib\1.1.0\jarchivelib-1.1.0.jar;C:\Users\y26634\.m2\repository\org\apache\commons\commons-compress\1.20\commons-compress-1.20.jar;C:\Users\y26634\.m2\repository\org\jsoup\jsoup\1.13.1\jsoup-1.13.1.jar;C:\Users\y26634\.m2\repository\org\slf4j\slf4j-api\1.7.30\slf4j-api-1.7.30.jar;C:\Users\y26634\.m2\repository\io\qameta\allure\allure-testng\2.13.8\allure-testng-2.13.8.jar;C:\Users\y26634\.m2\repository\io\qameta\allure\allure-java-commons\2.13.8\allure-java-commons-2.13.8.jar;C:\Users\y26634\.m2\repository\io\qameta\allure\allure-model\2.13.8\allure-model-2.13.8.jar;C:\Users\y26634\.m2\repository\com\fasterxml\jackson\core\jackson-databind\2.11.3\jackson-databind-2.11.3.jar;C:\Users\y26634\.m2\repository\com\fasterxml\jackson\core\jackson-annotations\2.11.3\jackson-annotations-2.11.3.jar;C:\Users\y26634\.m2\repository\com\fasterxml\jackson\core\jackson-core\2.11.3\jackson-core-2.11.3.jar;C:\Users\y26634\.m2\repository\org\apache\tika\tika-core\1.24.1\tika-core-1.24.1.jar;C:\Users\y26634\.m2\repository\org\jooq\joor-java-8\0.9.13\joor-java-8-0.9.13.jar;C:\Users\y26634\.m2\repository\org\aspectj\aspectjweaver\1.9.6\aspectjweaver-1.9.6.jar;C:\Users\y26634\.m2\repository\org\seleniumhq\selenium\selenium-api\3.141.59\selenium-api-3.141.59.jar;C:\Users\y26634\.m2\repository\io\appium\java-client\7.4.1\java-client-7.4.1.jar;C:\Users\y26634\.m2\repository\org\apache\httpcomponents\httpclient\4.5.13\httpclient-4.5.13.jar;C:\Users\y26634\.m2\repository\org\apache\httpcomponents\httpcore\4.4.13\httpcore-4.4.13.jar;C:\Users\y26634\.m2\repository\commons-logging\commons-logging\1.2\commons-logging-1.2.jar;C:\Users\y26634\.m2\repository\cglib\cglib\3.3.0\cglib-3.3.0.jar;C:\Users\y26634\.m2\repository\org\ow2\asm\asm\7.1\asm-7.1.jar;C:\Users\y26634\.m2\repository\commons-validator\commons-validator\1.7\commons-validator-1.7.jar;C:\Users\y26634\.m2\repository\commons-beanutils\commons-beanutils\1.9.4\commons-beanutils-1.9.4.jar;C:\Users\y26634\.m2\repository\commons-digester\commons-digester\2.1\commons-digester-2.1.jar;C:\Users\y26634\.m2\repository\commons-collections\commons-collections\3.2.2\commons-collections-3.2.2.jar;C:\Users\y26634\.m2\repository\org\springframework\spring-context\5.3.1\spring-context-5.3.1.jar;C:\Users\y26634\.m2\repository\org\springframework\spring-aop\5.3.1\spring-aop-5.3.1.jar;C:\Users\y26634\.m2\repository\org\springframework\spring-beans\5.3.1\spring-beans-5.3.1.jar;C:\Users\y26634\.m2\repository\org\springframework\spring-core\5.3.1\spring-core-5.3.1.jar;C:\Users\y26634\.m2\repository\org\springframework\spring-jcl\5.3.1\spring-jcl-5.3.1.jar;C:\Users\y26634\.m2\repository\org\springframework\spring-expression\5.3.1\spring-expression-5.3.1.jar;C:\Users\y26634\.m2\repository\com\experitest\appium\4.1.2\appium-4.1.2.jar;C:\Users\y26634\.m2\repository\com\experitest\aspectjweaver\1.8.9\aspectjweaver-1.8.9.jar;C:\Users\y26634\.m2\repository\com\experitest\boon\0.33\boon-0.33.jar;C:\Users\y26634\.m2\repository\com\experitest\cglib-nodep\3.2.4\cglib-nodep-3.2.4.jar;C:\Users\y26634\.m2\repository\com\experitest\commons-beanutils\1.9.2\commons-beanutils-1.9.2.jar;C:\Users\y26634\.m2\repository\com\experitest\commons-codec\1.10\commons-codec-1.10.jar;C:\Users\y26634\.m2\repository\com\experitest\commons-collections\3.2.2\commons-collections-3.2.2.jar;C:\Users\y26634\.m2\repository\com\experitest\commons-digester\1.8.1\commons-digester-1.8.1.jar;C:\Users\y26634\.m2\repository\com\experitest\commons-exec\1.3\commons-exec-1.3.jar;C:\Users\y26634\.m2\repository\com\experitest\commons-io\2.4\commons-io-2.4.jar;C:\Users\y26634\.m2\repository\com\experitest\commons-lang3\3.4\commons-lang3-3.4.jar;C:\Users\y26634\.m2\repository\com\experitest\commons-logging\1.2\commons-logging-1.2.jar;C:\Users\y26634\.m2\repository\com\experitest\commons-validator\1.5.1\commons-validator-1.5.1.jar;C:\Users\y26634\.m2\repository\com\experitest\cssparser\0.9.18\cssparser-0.9.18.jar;C:\Users\y26634\.m2\repository\com\experitest\gson\2.7\gson-2.7.jar;C:\Users\y26634\.m2\repository\com\experitest\guava\19.0\guava-19.0.jar;C:\Users\y26634\.m2\repository\com\experitest\hamcrest-core\1.3\hamcrest-core-1.3.jar;C:\Users\y26634\.m2\repository\com\experitest\htmlunit\2.21\htmlunit-2.21.jar;C:\Users\y26634\.m2\repository\com\experitest\htmlunit-core-js\2.17\htmlunit-core-js-2.17.jar;C:\Users\y26634\.m2\repository\com\experitest\htmlunit-driver\2.21\htmlunit-driver-2.21.jar;C:\Users\y26634\.m2\repository\com\experitest\httpclient\4.5.2\httpclient-4.5.2.jar;C:\Users\y26634\.m2\repository\com\experitest\httpcore\4.4.4\httpcore-4.4.4.jar;C:\Users\y26634\.m2\repository\com\experitest\httpmime\4.5.2\httpmime-4.5.2.jar;C:\Users\y26634\.m2\repository\com\experitest\jetty-io\9.2.15.v20160210\jetty-io-9.2.15.v20160210.jar;C:\Users\y26634\.m2\repository\com\experitest\jetty-util\9.2.15.v20160210\jetty-util-9.2.15.v20160210.jar;C:\Users\y26634\.m2\repository\com\experitest\jna\4.1.0\jna-4.1.0.jar;C:\Users\y26634\.m2\repository\com\experitest\jna-platform\4.1.0\jna-platform-4.1.0.jar;C:\Users\y26634\.m2\repository\com\experitest\junit\4.12\junit-4.12.jar;C:\Users\y26634\.m2\repository\com\experitest\neko-htmlunit\2.21\neko-htmlunit-2.21.jar;C:\Users\y26634\.m2\repository\com\experitest\netty\3.5.7.Final\netty-3.5.7.Final.jar;C:\Users\y26634\.m2\repository\com\experitest\sac\1.3\sac-1.3.jar;C:\Users\y26634\.m2\repository\com\experitest\selenium-api\2.53.1\selenium-api-2.53.1.jar;C:\Users\y26634\.m2\repository\com\experitest\selenium-chrome-driver\2.53.1\selenium-chrome-driver-2.53.1.jar;C:\Users\y26634\.m2\repository\com\experitest\selenium-edge-driver\2.53.1\selenium-edge-driver-2.53.1.jar;C:\Users\y26634\.m2\repository\com\experitest\selenium-firefox-driver\2.53.1\selenium-firefox-driver-2.53.1.jar;C:\Users\y26634\.m2\repository\com\experitest\selenium-ie-driver\2.53.1\selenium-ie-driver-2.53.1.jar;C:\Users\y26634\.m2\repository\com\experitest\selenium-java\2.53.1\selenium-java-2.53.1.jar;C:\Users\y26634\.m2\repository\com\experitest\selenium-leg-rc\2.53.1\selenium-leg-rc-2.53.1.jar;C:\Users\y26634\.m2\repository\com\experitest\selenium-remote-driver\2.53.1\selenium-remote-driver-2.53.1.jar;C:\Users\y26634\.m2\repository\com\experitest\selenium-safari-driver\2.53.1\selenium-safari-driver-2.53.1.jar;C:\Users\y26634\.m2\repository\com\experitest\selenium-support\2.53.1\selenium-support-2.53.1.jar;C:\Users\y26634\.m2\repository\com\experitest\serializer\2.7.2\serializer-2.7.2.jar;C:\Users\y26634\.m2\repository\com\experitest\spring-aop\4.3.2.RELEASE\spring-aop-4.3.2.RELEASE.jar;C:\Users\y26634\.m2\repository\com\experitest\spring-beans\4.3.2.RELEASE\spring-beans-4.3.2.RELEASE.jar;C:\Users\y26634\.m2\repository\com\experitest\spring-context\4.3.2.RELEASE\spring-context-4.3.2.RELEASE.jar;C:\Users\y26634\.m2\repository\com\experitest\spring-core\4.3.2.RELEASE\spring-core-4.3.2.RELEASE.jar;C:\Users\y26634\.m2\repository\com\experitest\spring-expression\4.3.2.RELEASE\spring-expression-4.3.2.RELEASE.jar;C:\Users\y26634\.m2\repository\com\experitest\websocket-api\9.2.15.v20160210\websocket-api-9.2.15.v20160210.jar;C:\Users\y26634\.m2\repository\com\experitest\websocket-client\9.2.15.v20160210\websocket-client-9.2.15.v20160210.jar;C:\Users\y26634\.m2\repository\com\experitest\websocket-common\9.2.15.v20160210\websocket-common-9.2.15.v20160210.jar;C:\Users\y26634\.m2\repository\com\experitest\ws-commons-util\1.0.2\ws-commons-util-1.0.2.jar;C:\Users\y26634\.m2\repository\com\experitest\xalan\2.7.2\xalan-2.7.2.jar;C:\Users\y26634\.m2\repository\com\experitest\xercesImpl\2.11.0\xercesImpl-2.11.0.jar;C:\Users\y26634\.m2\repository\com\experitest\xml-apis\1.4.01\xml-apis-1.4.01.jar;C:\Users\y26634\.m2\repository\com\experitest\xmlrpc-client\3.1.2\xmlrpc-client-3.1.2.jar;C:\Users\y26634\.m2\repository\com\experitest\xmlrpc-common\3.1.2\xmlrpc-common-3.1.2.jar;C:\Users\y26634\.m2\repository\com\sikulix\sikulixapi\2.0.4\sikulixapi-2.0.4.jar;C:\Users\y26634\.m2\repository\com\sikulix\sikulix2tigervnc\1.1.4\sikulix2tigervnc-1.1.4.jar;C:\Users\y26634\.m2\repository\commons-cli\commons-cli\1.4\commons-cli-1.4.jar;C:\Users\y26634\.m2\repository\net\oneandone\reflections8\reflections8\0.11.6\reflections8-0.11.6.jar;C:\Users\y26634\.m2\repository\org\javassist\javassist\3.22.0-GA\javassist-3.22.0-GA.jar;C:\Users\y26634\.m2\repository\net\sourceforge\tess4j\tess4j\4.4.1\tess4j-4.4.1.jar;C:\Users\y26634\.m2\repository\com\github\jai-imageio\jai-imageio-core\1.4.0\jai-imageio-core-1.4.0.jar;C:\Users\y26634\.m2\repository\org\ghost4j\ghost4j\1.0.1\ghost4j-1.0.1.jar;C:\Users\y26634\.m2\repository\log4j\log4j\1.2.17\log4j-1.2.17.jar;C:\Users\y26634\.m2\repository\org\apache\xmlgraphics\xmlgraphics-commons\1.4\xmlgraphics-commons-1.4.jar;C:\Users\y26634\.m2\repository\com\lowagie\itext\2.1.7\itext-2.1.7.jar;C:\Users\y26634\.m2\repository\org\apache\pdfbox\pdfbox\2.0.17\pdfbox-2.0.17.jar;C:\Users\y26634\.m2\repository\org\apache\pdfbox\fontbox\2.0.17\fontbox-2.0.17.jar;C:\Users\y26634\.m2\repository\org\apache\pdfbox\pdfbox-tools\2.0.17\pdfbox-tools-2.0.17.jar;C:\Users\y26634\.m2\repository\org\apache\pdfbox\pdfbox-debugger\2.0.17\pdfbox-debugger-2.0.17.jar;C:\Users\y26634\.m2\repository\org\apache\pdfbox\jbig2-imageio\3.0.2\jbig2-imageio-3.0.2.jar;C:\Users\y26634\.m2\repository\net\sourceforge\lept4j\lept4j\1.12.3\lept4j-1.12.3.jar;C:\Users\y26634\.m2\repository\org\jboss\jboss-vfs\3.2.14.Final\jboss-vfs-3.2.14.Final.jar;C:\Users\y26634\.m2\repository\org\jboss\logging\jboss-logging\3.1.4.GA\jboss-logging-3.1.4.GA.jar;C:\Users\y26634\.m2\repository\org\slf4j\jul-to-slf4j\1.7.28\jul-to-slf4j-1.7.28.jar;C:\Users\y26634\.m2\repository\org\slf4j\jcl-over-slf4j\1.7.28\jcl-over-slf4j-1.7.28.jar;C:\Users\y26634\.m2\repository\org\slf4j\log4j-over-slf4j\1.7.28\log4j-over-slf4j-1.7.28.jar;C:\Users\y26634\.m2\repository\org\slf4j\slf4j-nop\1.7.28\slf4j-nop-1.7.28.jar;C:\Users\y26634\.m2\repository\net\java\dev\jna\jna-platform\5.5.0\jna-platform-5.5.0.jar;C:\Users\y26634\.m2\repository\com\github\stephenc\monte\monte-screen-recorder\0.7.7.0\monte-screen-recorder-0.7.7.0.jar;C:\Users\y26634\.m2\repository\io\rest-assured\rest-assured\3.3.0\rest-assured-3.3.0.jar;C:\Users\y26634\.m2\repository\org\codehaus\groovy\groovy\2.4.15\groovy-2.4.15.jar;C:\Users\y26634\.m2\repository\org\codehaus\groovy\groovy-xml\2.4.15\groovy-xml-2.4.15.jar;C:\Users\y26634\.m2\repository\org\apache\httpcomponents\httpmime\4.5.3\httpmime-4.5.3.jar;C:\Users\y26634\.m2\repository\org\hamcrest\hamcrest-core\1.3\hamcrest-core-1.3.jar;C:\Users\y26634\.m2\repository\org\hamcrest\hamcrest-library\1.3\hamcrest-library-1.3.jar;C:\Users\y26634\.m2\repository\org\ccil\cowan\tagsoup\tagsoup\1.2.1\tagsoup-1.2.1.jar;C:\Users\y26634\.m2\repository\io\rest-assured\json-path\3.3.0\json-path-3.3.0.jar;C:\Users\y26634\.m2\repository\org\codehaus\groovy\groovy-json\2.4.15\groovy-json-2.4.15.jar;C:\Users\y26634\.m2\repository\io\rest-assured\rest-assured-common\3.3.0\rest-assured-common-3.3.0.jar;C:\Users\y26634\.m2\repository\io\rest-assured\xml-path\3.3.0\xml-path-3.3.0.jar;C:\Users\y26634\.m2\repository\javax\xml\bind\jaxb-api\2.2.12\jaxb-api-2.2.12.jar;C:\Users\y26634\.m2\repository\com\sun\xml\bind\jaxb-osgi\2.2.10\jaxb-osgi-2.2.10.jar;C:\Users\y26634\.m2\repository\org\apache\sling\org.apache.sling.javax.activation\0.1.0\org.apache.sling.javax.activation-0.1.0.jar;C:\Users\y26634\.m2\repository\javax\activation\activation\1.1.1\activation-1.1.1.jar;C:\Users\y26634\.m2\repository\io\rest-assured\json-schema-validator\3.3.0\json-schema-validator-3.3.0.jar;C:\Users\y26634\.m2\repository\com\github\java-json-tools\json-schema-validator\2.2.10\json-schema-validator-2.2.10.jar;C:\Users\y26634\.m2\repository\com\github\java-json-tools\json-schema-core\1.2.10\json-schema-core-1.2.10.jar;C:\Users\y26634\.m2\repository\com\github\java-json-tools\jackson-coreutils\1.9\jackson-coreutils-1.9.jar;C:\Users\y26634\.m2\repository\com\github\fge\msg-simple\1.1\msg-simple-1.1.jar;C:\Users\y26634\.m2\repository\com\github\fge\btf\1.2\btf-1.2.jar;C:\Users\y26634\.m2\repository\com\github\fge\uri-template\0.9\uri-template-0.9.jar;C:\Users\y26634\.m2\repository\org\mozilla\rhino\1.7.7.1\rhino-1.7.7.1.jar;C:\Users\y26634\.m2\repository\javax\mail\mailapi\1.4.3\mailapi-1.4.3.jar;C:\Users\y26634\.m2\repository\joda-time\joda-time\2.9.7\joda-time-2.9.7.jar;C:\Users\y26634\.m2\repository\com\googlecode\libphonenumber\libphonenumber\8.0.0\libphonenumber-8.0.0.jar;C:\Users\y26634\.m2\repository\net\sf\jopt-simple\jopt-simple\5.0.3\jopt-simple-5.0.3.jar;C:\Users\y26634\.m2\repository\com\googlecode\json-simple\json-simple\1.1.1\json-simple-1.1.1.jar;C:\Users\y26634\.m2\repository\junit\junit\4.10\junit-4.10.jar;C:\Users\y26634\.m2\repository\mysql\mysql-connector-java\8.0.21\mysql-connector-java-8.0.21.jar;C:\Users\y26634\.m2\repository\com\google\protobuf\protobuf-java\3.11.4\protobuf-java-3.11.4.jar;"/>
    <property name="java.vm.vendor" value="Oracle Corporation"/>
    <property name="sun.arch.data.model" value="64"/>
    <property name="user.variant" value=""/>
    <property name="java.vendor.url" value="http://java.oracle.com/"/>
    <property name="user.timezone" value="Asia/Jerusalem"/>
    <property name="user.country.format" value="IL"/>
    <property name="java.vm.specification.version" value="1.8"/>
    <property name="os.name" value="Windows 10"/>
    <property name="user.country" value="US"/>
    <property name="sun.java.launcher" value="SUN_STANDARD"/>
    <property name="sun.boot.library.path" value="C:\Program Files\Java\jdk1.8.0_221\jre\bin"/>
    <property name="sun.java.command" value="C:\Users\y26634\AppData\Local\Temp\surefire5626986375400156765\surefirebooter858147649287023653.jar C:\Users\y26634\AppData\Local\Temp\surefire5626986375400156765 2021-02-16T16-41-39_520-jvmRun1 surefire7840420155738051176tmp surefire_05248187795050231363tmp"/>
    <property name="surefire.test.class.path" value="C:\FinalProjectAutomation\FinalProject\target\test-classes;C:\FinalProjectAutomation\FinalProject\target\classes;C:\Users\y26634\.m2\repository\net\java\dev\jna\jna\5.5.0\jna-5.5.0.jar;C:\Users\y26634\.m2\repository\org\seleniumhq\selenium\selenium-java\3.141.59\selenium-java-3.141.59.jar;C:\Users\y26634\.m2\repository\org\seleniumhq\selenium\selenium-chrome-driver\3.141.59\selenium-chrome-driver-3.141.59.jar;C:\Users\y26634\.m2\repository\org\seleniumhq\selenium\selenium-edge-driver\3.141.59\selenium-edge-driver-3.141.59.jar;C:\Users\y26634\.m2\repository\org\seleniumhq\selenium\selenium-firefox-driver\3.141.59\selenium-firefox-driver-3.141.59.jar;C:\Users\y26634\.m2\repository\org\seleniumhq\selenium\selenium-ie-driver\3.141.59\selenium-ie-driver-3.141.59.jar;C:\Users\y26634\.m2\repository\org\seleniumhq\selenium\selenium-opera-driver\3.141.59\selenium-opera-driver-3.141.59.jar;C:\Users\y26634\.m2\repository\org\seleniumhq\selenium\selenium-remote-driver\3.141.59\selenium-remote-driver-3.141.59.jar;C:\Users\y26634\.m2\repository\org\seleniumhq\selenium\selenium-safari-driver\3.141.59\selenium-safari-driver-3.141.59.jar;C:\Users\y26634\.m2\repository\org\seleniumhq\selenium\selenium-support\3.141.59\selenium-support-3.141.59.jar;C:\Users\y26634\.m2\repository\net\bytebuddy\byte-buddy\1.8.15\byte-buddy-1.8.15.jar;C:\Users\y26634\.m2\repository\org\apache\commons\commons-exec\1.3\commons-exec-1.3.jar;C:\Users\y26634\.m2\repository\com\google\guava\guava\25.0-jre\guava-25.0-jre.jar;C:\Users\y26634\.m2\repository\com\google\code\findbugs\jsr305\1.3.9\jsr305-1.3.9.jar;C:\Users\y26634\.m2\repository\org\checkerframework\checker-compat-qual\2.0.0\checker-compat-qual-2.0.0.jar;C:\Users\y26634\.m2\repository\com\google\errorprone\error_prone_annotations\2.1.3\error_prone_annotations-2.1.3.jar;C:\Users\y26634\.m2\repository\com\google\j2objc\j2objc-annotations\1.1\j2objc-annotations-1.1.jar;C:\Users\y26634\.m2\repository\org\codehaus\mojo\animal-sniffer-annotations\1.14\animal-sniffer-annotations-1.14.jar;C:\Users\y26634\.m2\repository\com\squareup\okhttp3\okhttp\3.11.0\okhttp-3.11.0.jar;C:\Users\y26634\.m2\repository\com\squareup\okio\okio\1.14.0\okio-1.14.0.jar;C:\Users\y26634\.m2\repository\org\testng\testng\6.9.10\testng-6.9.10.jar;C:\Users\y26634\.m2\repository\com\beust\jcommander\1.48\jcommander-1.48.jar;C:\Users\y26634\.m2\repository\org\beanshell\bsh\2.0b4\bsh-2.0b4.jar;C:\Users\y26634\.m2\repository\io\github\bonigarcia\webdrivermanager\4.2.2\webdrivermanager-4.2.2.jar;C:\Users\y26634\.m2\repository\commons-io\commons-io\2.8.0\commons-io-2.8.0.jar;C:\Users\y26634\.m2\repository\com\google\code\gson\gson\2.8.6\gson-2.8.6.jar;C:\Users\y26634\.m2\repository\org\apache\commons\commons-lang3\3.11\commons-lang3-3.11.jar;C:\Users\y26634\.m2\repository\org\apache\httpcomponents\client5\httpclient5\5.0.1\httpclient5-5.0.1.jar;C:\Users\y26634\.m2\repository\org\apache\httpcomponents\core5\httpcore5\5.0.1\httpcore5-5.0.1.jar;C:\Users\y26634\.m2\repository\org\apache\httpcomponents\core5\httpcore5-h2\5.0.1\httpcore5-h2-5.0.1.jar;C:\Users\y26634\.m2\repository\commons-codec\commons-codec\1.13\commons-codec-1.13.jar;C:\Users\y26634\.m2\repository\org\rauschig\jarchivelib\1.1.0\jarchivelib-1.1.0.jar;C:\Users\y26634\.m2\repository\org\apache\commons\commons-compress\1.20\commons-compress-1.20.jar;C:\Users\y26634\.m2\repository\org\jsoup\jsoup\1.13.1\jsoup-1.13.1.jar;C:\Users\y26634\.m2\repository\org\slf4j\slf4j-api\1.7.30\slf4j-api-1.7.30.jar;C:\Users\y26634\.m2\repository\io\qameta\allure\allure-testng\2.13.8\allure-testng-2.13.8.jar;C:\Users\y26634\.m2\repository\io\qameta\allure\allure-java-commons\2.13.8\allure-java-commons-2.13.8.jar;C:\Users\y26634\.m2\repository\io\qameta\allure\allure-model\2.13.8\allure-model-2.13.8.jar;C:\Users\y26634\.m2\repository\com\fasterxml\jackson\core\jackson-databind\2.11.3\jackson-databind-2.11.3.jar;C:\Users\y26634\.m2\repository\com\fasterxml\jackson\core\jackson-annotations\2.11.3\jackson-annotations-2.11.3.jar;C:\Users\y26634\.m2\repository\com\fasterxml\jackson\core\jackson-core\2.11.3\jackson-core-2.11.3.jar;C:\Users\y26634\.m2\repository\org\apache\tika\tika-core\1.24.1\tika-core-1.24.1.jar;C:\Users\y26634\.m2\repository\org\jooq\joor-java-8\0.9.13\joor-java-8-0.9.13.jar;C:\Users\y26634\.m2\repository\org\aspectj\aspectjweaver\1.9.6\aspectjweaver-1.9.6.jar;C:\Users\y26634\.m2\repository\org\seleniumhq\selenium\selenium-api\3.141.59\selenium-api-3.141.59.jar;C:\Users\y26634\.m2\repository\io\appium\java-client\7.4.1\java-client-7.4.1.jar;C:\Users\y26634\.m2\repository\org\apache\httpcomponents\httpclient\4.5.13\httpclient-4.5.13.jar;C:\Users\y26634\.m2\repository\org\apache\httpcomponents\httpcore\4.4.13\httpcore-4.4.13.jar;C:\Users\y26634\.m2\repository\commons-logging\commons-logging\1.2\commons-logging-1.2.jar;C:\Users\y26634\.m2\repository\cglib\cglib\3.3.0\cglib-3.3.0.jar;C:\Users\y26634\.m2\repository\org\ow2\asm\asm\7.1\asm-7.1.jar;C:\Users\y26634\.m2\repository\commons-validator\commons-validator\1.7\commons-validator-1.7.jar;C:\Users\y26634\.m2\repository\commons-beanutils\commons-beanutils\1.9.4\commons-beanutils-1.9.4.jar;C:\Users\y26634\.m2\repository\commons-digester\commons-digester\2.1\commons-digester-2.1.jar;C:\Users\y26634\.m2\repository\commons-collections\commons-collections\3.2.2\commons-collections-3.2.2.jar;C:\Users\y26634\.m2\repository\org\springframework\spring-context\5.3.1\spring-context-5.3.1.jar;C:\Users\y26634\.m2\repository\org\springframework\spring-aop\5.3.1\spring-aop-5.3.1.jar;C:\Users\y26634\.m2\repository\org\springframework\spring-beans\5.3.1\spring-beans-5.3.1.jar;C:\Users\y26634\.m2\repository\org\springframework\spring-core\5.3.1\spring-core-5.3.1.jar;C:\Users\y26634\.m2\repository\org\springframework\spring-jcl\5.3.1\spring-jcl-5.3.1.jar;C:\Users\y26634\.m2\repository\org\springframework\spring-expression\5.3.1\spring-expression-5.3.1.jar;C:\Users\y26634\.m2\repository\com\experitest\appium\4.1.2\appium-4.1.2.jar;C:\Users\y26634\.m2\repository\com\experitest\aspectjweaver\1.8.9\aspectjweaver-1.8.9.jar;C:\Users\y26634\.m2\repository\com\experitest\boon\0.33\boon-0.33.jar;C:\Users\y26634\.m2\repository\com\experitest\cglib-nodep\3.2.4\cglib-nodep-3.2.4.jar;C:\Users\y26634\.m2\repository\com\experitest\commons-beanutils\1.9.2\commons-beanutils-1.9.2.jar;C:\Users\y26634\.m2\repository\com\experitest\commons-codec\1.10\commons-codec-1.10.jar;C:\Users\y26634\.m2\repository\com\experitest\commons-collections\3.2.2\commons-collections-3.2.2.jar;C:\Users\y26634\.m2\repository\com\experitest\commons-digester\1.8.1\commons-digester-1.8.1.jar;C:\Users\y26634\.m2\repository\com\experitest\commons-exec\1.3\commons-exec-1.3.jar;C:\Users\y26634\.m2\repository\com\experitest\commons-io\2.4\commons-io-2.4.jar;C:\Users\y26634\.m2\repository\com\experitest\commons-lang3\3.4\commons-lang3-3.4.jar;C:\Users\y26634\.m2\repository\com\experitest\commons-logging\1.2\commons-logging-1.2.jar;C:\Users\y26634\.m2\repository\com\experitest\commons-validator\1.5.1\commons-validator-1.5.1.jar;C:\Users\y26634\.m2\repository\com\experitest\cssparser\0.9.18\cssparser-0.9.18.jar;C:\Users\y26634\.m2\repository\com\experitest\gson\2.7\gson-2.7.jar;C:\Users\y26634\.m2\repository\com\experitest\guava\19.0\guava-19.0.jar;C:\Users\y26634\.m2\repository\com\experitest\hamcrest-core\1.3\hamcrest-core-1.3.jar;C:\Users\y26634\.m2\repository\com\experitest\htmlunit\2.21\htmlunit-2.21.jar;C:\Users\y26634\.m2\repository\com\experitest\htmlunit-core-js\2.17\htmlunit-core-js-2.17.jar;C:\Users\y26634\.m2\repository\com\experitest\htmlunit-driver\2.21\htmlunit-driver-2.21.jar;C:\Users\y26634\.m2\repository\com\experitest\httpclient\4.5.2\httpclient-4.5.2.jar;C:\Users\y26634\.m2\repository\com\experitest\httpcore\4.4.4\httpcore-4.4.4.jar;C:\Users\y26634\.m2\repository\com\experitest\httpmime\4.5.2\httpmime-4.5.2.jar;C:\Users\y26634\.m2\repository\com\experitest\jetty-io\9.2.15.v20160210\jetty-io-9.2.15.v20160210.jar;C:\Users\y26634\.m2\repository\com\experitest\jetty-util\9.2.15.v20160210\jetty-util-9.2.15.v20160210.jar;C:\Users\y26634\.m2\repository\com\experitest\jna\4.1.0\jna-4.1.0.jar;C:\Users\y26634\.m2\repository\com\experitest\jna-platform\4.1.0\jna-platform-4.1.0.jar;C:\Users\y26634\.m2\repository\com\experitest\junit\4.12\junit-4.12.jar;C:\Users\y26634\.m2\repository\com\experitest\neko-htmlunit\2.21\neko-htmlunit-2.21.jar;C:\Users\y26634\.m2\repository\com\experitest\netty\3.5.7.Final\netty-3.5.7.Final.jar;C:\Users\y26634\.m2\repository\com\experitest\sac\1.3\sac-1.3.jar;C:\Users\y26634\.m2\repository\com\experitest\selenium-api\2.53.1\selenium-api-2.53.1.jar;C:\Users\y26634\.m2\repository\com\experitest\selenium-chrome-driver\2.53.1\selenium-chrome-driver-2.53.1.jar;C:\Users\y26634\.m2\repository\com\experitest\selenium-edge-driver\2.53.1\selenium-edge-driver-2.53.1.jar;C:\Users\y26634\.m2\repository\com\experitest\selenium-firefox-driver\2.53.1\selenium-firefox-driver-2.53.1.jar;C:\Users\y26634\.m2\repository\com\experitest\selenium-ie-driver\2.53.1\selenium-ie-driver-2.53.1.jar;C:\Users\y26634\.m2\repository\com\experitest\selenium-java\2.53.1\selenium-java-2.53.1.jar;C:\Users\y26634\.m2\repository\com\experitest\selenium-leg-rc\2.53.1\selenium-leg-rc-2.53.1.jar;C:\Users\y26634\.m2\repository\com\experitest\selenium-remote-driver\2.53.1\selenium-remote-driver-2.53.1.jar;C:\Users\y26634\.m2\repository\com\experitest\selenium-safari-driver\2.53.1\selenium-safari-driver-2.53.1.jar;C:\Users\y26634\.m2\repository\com\experitest\selenium-support\2.53.1\selenium-support-2.53.1.jar;C:\Users\y26634\.m2\repository\com\experitest\serializer\2.7.2\serializer-2.7.2.jar;C:\Users\y26634\.m2\repository\com\experitest\spring-aop\4.3.2.RELEASE\spring-aop-4.3.2.RELEASE.jar;C:\Users\y26634\.m2\repository\com\experitest\spring-beans\4.3.2.RELEASE\spring-beans-4.3.2.RELEASE.jar;C:\Users\y26634\.m2\repository\com\experitest\spring-context\4.3.2.RELEASE\spring-context-4.3.2.RELEASE.jar;C:\Users\y26634\.m2\repository\com\experitest\spring-core\4.3.2.RELEASE\spring-core-4.3.2.RELEASE.jar;C:\Users\y26634\.m2\repository\com\experitest\spring-expression\4.3.2.RELEASE\spring-expression-4.3.2.RELEASE.jar;C:\Users\y26634\.m2\repository\com\experitest\websocket-api\9.2.15.v20160210\websocket-api-9.2.15.v20160210.jar;C:\Users\y26634\.m2\repository\com\experitest\websocket-client\9.2.15.v20160210\websocket-client-9.2.15.v20160210.jar;C:\Users\y26634\.m2\repository\com\experitest\websocket-common\9.2.15.v20160210\websocket-common-9.2.15.v20160210.jar;C:\Users\y26634\.m2\repository\com\experitest\ws-commons-util\1.0.2\ws-commons-util-1.0.2.jar;C:\Users\y26634\.m2\repository\com\experitest\xalan\2.7.2\xalan-2.7.2.jar;C:\Users\y26634\.m2\repository\com\experitest\xercesImpl\2.11.0\xercesImpl-2.11.0.jar;C:\Users\y26634\.m2\repository\com\experitest\xml-apis\1.4.01\xml-apis-1.4.01.jar;C:\Users\y26634\.m2\repository\com\experitest\xmlrpc-client\3.1.2\xmlrpc-client-3.1.2.jar;C:\Users\y26634\.m2\repository\com\experitest\xmlrpc-common\3.1.2\xmlrpc-common-3.1.2.jar;C:\Users\y26634\.m2\repository\com\sikulix\sikulixapi\2.0.4\sikulixapi-2.0.4.jar;C:\Users\y26634\.m2\repository\com\sikulix\sikulix2tigervnc\1.1.4\sikulix2tigervnc-1.1.4.jar;C:\Users\y26634\.m2\repository\commons-cli\commons-cli\1.4\commons-cli-1.4.jar;C:\Users\y26634\.m2\repository\net\oneandone\reflections8\reflections8\0.11.6\reflections8-0.11.6.jar;C:\Users\y26634\.m2\repository\org\javassist\javassist\3.22.0-GA\javassist-3.22.0-GA.jar;C:\Users\y26634\.m2\repository\net\sourceforge\tess4j\tess4j\4.4.1\tess4j-4.4.1.jar;C:\Users\y26634\.m2\repository\com\github\jai-imageio\jai-imageio-core\1.4.0\jai-imageio-core-1.4.0.jar;C:\Users\y26634\.m2\repository\org\ghost4j\ghost4j\1.0.1\ghost4j-1.0.1.jar;C:\Users\y26634\.m2\repository\log4j\log4j\1.2.17\log4j-1.2.17.jar;C:\Users\y26634\.m2\repository\org\apache\xmlgraphics\xmlgraphics-commons\1.4\xmlgraphics-commons-1.4.jar;C:\Users\y26634\.m2\repository\com\lowagie\itext\2.1.7\itext-2.1.7.jar;C:\Users\y26634\.m2\repository\org\apache\pdfbox\pdfbox\2.0.17\pdfbox-2.0.17.jar;C:\Users\y26634\.m2\repository\org\apache\pdfbox\fontbox\2.0.17\fontbox-2.0.17.jar;C:\Users\y26634\.m2\repository\org\apache\pdfbox\pdfbox-tools\2.0.17\pdfbox-tools-2.0.17.jar;C:\Users\y26634\.m2\repository\org\apache\pdfbox\pdfbox-debugger\2.0.17\pdfbox-debugger-2.0.17.jar;C:\Users\y26634\.m2\repository\org\apache\pdfbox\jbig2-imageio\3.0.2\jbig2-imageio-3.0.2.jar;C:\Users\y26634\.m2\repository\net\sourceforge\lept4j\lept4j\1.12.3\lept4j-1.12.3.jar;C:\Users\y26634\.m2\repository\org\jboss\jboss-vfs\3.2.14.Final\jboss-vfs-3.2.14.Final.jar;C:\Users\y26634\.m2\repository\org\jboss\logging\jboss-logging\3.1.4.GA\jboss-logging-3.1.4.GA.jar;C:\Users\y26634\.m2\repository\org\slf4j\jul-to-slf4j\1.7.28\jul-to-slf4j-1.7.28.jar;C:\Users\y26634\.m2\repository\org\slf4j\jcl-over-slf4j\1.7.28\jcl-over-slf4j-1.7.28.jar;C:\Users\y26634\.m2\repository\org\slf4j\log4j-over-slf4j\1.7.28\log4j-over-slf4j-1.7.28.jar;C:\Users\y26634\.m2\repository\org\slf4j\slf4j-nop\1.7.28\slf4j-nop-1.7.28.jar;C:\Users\y26634\.m2\repository\net\java\dev\jna\jna-platform\5.5.0\jna-platform-5.5.0.jar;C:\Users\y26634\.m2\repository\com\github\stephenc\monte\monte-screen-recorder\0.7.7.0\monte-screen-recorder-0.7.7.0.jar;C:\Users\y26634\.m2\repository\io\rest-assured\rest-assured\3.3.0\rest-assured-3.3.0.jar;C:\Users\y26634\.m2\repository\org\codehaus\groovy\groovy\2.4.15\groovy-2.4.15.jar;C:\Users\y26634\.m2\repository\org\codehaus\groovy\groovy-xml\2.4.15\groovy-xml-2.4.15.jar;C:\Users\y26634\.m2\repository\org\apache\httpcomponents\httpmime\4.5.3\httpmime-4.5.3.jar;C:\Users\y26634\.m2\repository\org\hamcrest\hamcrest-core\1.3\hamcrest-core-1.3.jar;C:\Users\y26634\.m2\repository\org\hamcrest\hamcrest-library\1.3\hamcrest-library-1.3.jar;C:\Users\y26634\.m2\repository\org\ccil\cowan\tagsoup\tagsoup\1.2.1\tagsoup-1.2.1.jar;C:\Users\y26634\.m2\repository\io\rest-assured\json-path\3.3.0\json-path-3.3.0.jar;C:\Users\y26634\.m2\repository\org\codehaus\groovy\groovy-json\2.4.15\groovy-json-2.4.15.jar;C:\Users\y26634\.m2\repository\io\rest-assured\rest-assured-common\3.3.0\rest-assured-common-3.3.0.jar;C:\Users\y26634\.m2\repository\io\rest-assured\xml-path\3.3.0\xml-path-3.3.0.jar;C:\Users\y26634\.m2\repository\javax\xml\bind\jaxb-api\2.2.12\jaxb-api-2.2.12.jar;C:\Users\y26634\.m2\repository\com\sun\xml\bind\jaxb-osgi\2.2.10\jaxb-osgi-2.2.10.jar;C:\Users\y26634\.m2\repository\org\apache\sling\org.apache.sling.javax.activation\0.1.0\org.apache.sling.javax.activation-0.1.0.jar;C:\Users\y26634\.m2\repository\javax\activation\activation\1.1.1\activation-1.1.1.jar;C:\Users\y26634\.m2\repository\io\rest-assured\json-schema-validator\3.3.0\json-schema-validator-3.3.0.jar;C:\Users\y26634\.m2\repository\com\github\java-json-tools\json-schema-validator\2.2.10\json-schema-validator-2.2.10.jar;C:\Users\y26634\.m2\repository\com\github\java-json-tools\json-schema-core\1.2.10\json-schema-core-1.2.10.jar;C:\Users\y26634\.m2\repository\com\github\java-json-tools\jackson-coreutils\1.9\jackson-coreutils-1.9.jar;C:\Users\y26634\.m2\repository\com\github\fge\msg-simple\1.1\msg-simple-1.1.jar;C:\Users\y26634\.m2\repository\com\github\fge\btf\1.2\btf-1.2.jar;C:\Users\y26634\.m2\repository\com\github\fge\uri-template\0.9\uri-template-0.9.jar;C:\Users\y26634\.m2\repository\org\mozilla\rhino\1.7.7.1\rhino-1.7.7.1.jar;C:\Users\y26634\.m2\repository\javax\mail\mailapi\1.4.3\mailapi-1.4.3.jar;C:\Users\y26634\.m2\repository\joda-time\joda-time\2.9.7\joda-time-2.9.7.jar;C:\Users\y26634\.m2\repository\com\googlecode\libphonenumber\libphonenumber\8.0.0\libphonenumber-8.0.0.jar;C:\Users\y26634\.m2\repository\net\sf\jopt-simple\jopt-simple\5.0.3\jopt-simple-5.0.3.jar;C:\Users\y26634\.m2\repository\com\googlecode\json-simple\json-simple\1.1.1\json-simple-1.1.1.jar;C:\Users\y26634\.m2\repository\junit\junit\4.10\junit-4.10.jar;C:\Users\y26634\.m2\repository\mysql\mysql-connector-java\8.0.21\mysql-connector-java-8.0.21.jar;C:\Users\y26634\.m2\repository\com\google\protobuf\protobuf-java\3.11.4\protobuf-java-3.11.4.jar;"/>
    <property name="sun.cpu.endian" value="little"/>
    <property name="user.home" value="C:\Users\y26634"/>
    <property name="user.language" value="en"/>
    <property name="java.specification.vendor" value="Oracle Corporation"/>
    <property name="java.home" value="C:\Program Files\Java\jdk1.8.0_221\jre"/>
    <property name="basedir" value="C:\FinalProjectAutomation\FinalProject"/>
    <property name="file.separator" value="\"/>
    <property name="line.separator" value="&#10;"/>
    <property name="java.vm.specification.vendor" value="Oracle Corporation"/>
    <property name="java.specification.name" value="Java Platform API Specification"/>
    <property name="java.awt.graphicsenv" value="sun.awt.Win32GraphicsEnvironment"/>
    <property name="surefire.real.class.path" value="C:\Users\y26634\AppData\Local\Temp\surefire5626986375400156765\surefirebooter858147649287023653.jar;C:\Users\y26634\.m2\repository/org/aspectj/aspectjweaver/1.9.6/aspectjweaver-1.9.6.jar"/>
    <property name="sun.boot.class.path" value="C:\Program Files\Java\jdk1.8.0_221\jre\lib\resources.jar;C:\Program Files\Java\jdk1.8.0_221\jre\lib\rt.jar;C:\Program Files\Java\jdk1.8.0_221\jre\lib\sunrsasign.jar;C:\Program Files\Java\jdk1.8.0_221\jre\lib\jsse.jar;C:\Program Files\Java\jdk1.8.0_221\jre\lib\jce.jar;C:\Program Files\Java\jdk1.8.0_221\jre\lib\charsets.jar;C:\Program Files\Java\jdk1.8.0_221\jre\lib\jfr.jar;C:\Program Files\Java\jdk1.8.0_221\jre\classes"/>
    <property name="user.script" value=""/>
    <property name="sun.management.compiler" value="HotSpot 64-Bit Tiered Compilers"/>
    <property name="java.runtime.version" value="1.8.0_221-b11"/>
    <property name="user.name" value="y26634"/>
    <property name="path.separator" value=";"/>
    <property name="os.version" value="10.0"/>
    <property name="java.endorsed.dirs" value="C:\Program Files\Java\jdk1.8.0_221\jre\lib\endorsed"/>
    <property name="java.runtime.name" value="Java(TM) SE Runtime Environment"/>
    <property name="file.encoding" value="Cp1255"/>
    <property name="java.vm.name" value="Java HotSpot(TM) 64-Bit Server VM"/>
    <property name="localRepository" value="C:\Users\y26634\.m2\repository"/>
    <property name="java.vendor.url.bug" value="http://bugreport.sun.com/bugreport/"/>
    <property name="java.io.tmpdir" value="C:\Users\y26634\AppData\Local\Temp\"/>
    <property name="java.version" value="1.8.0_221"/>
    <property name="user.dir" value="C:\FinalProjectAutomation\FinalProject"/>
    <property name="os.arch" value="amd64"/>
    <property name="java.vm.specification.name" value="Java Virtual Machine Specification"/>
    <property name="java.awt.printerjob" value="sun.awt.windows.WPrinterJob"/>
    <property name="user.language.format" value="he"/>
    <property name="sun.os.patch.level" value=""/>
    <property name="java.library.path" value="C:\Program Files\Java\jdk1.8.0_221\jre\bin;C:\WINDOWS\Sun\Java\bin;C:\WINDOWS\system32;C:\WINDOWS;C:\Program Files\Java\jdk1.8.0_221\bin;C:\Program Files (x86)\Common Files\Oracle\Java\javapath;C:\WINDOWS\system32;C:\WINDOWS;C:\WINDOWS\System32\Wbem;C:\WINDOWS\System32\WindowsPowerShell\v1.0\;C:\WINDOWS\System32\OpenSSH\;C:\apache-maven-3.6.3\bin;C:\apache-maven-3.6.3\bin;C:\Program Files (x86)\Windows Kits\10\Windows Performance Toolkit\;C:\AutomationATID\allure-2.13.6\bin;C:\Program Files\Git\cmd;C:\Program Files\nodejs\;C:\Program Files (x86)\STMicroelectronics\STM32 ST-LINK Utility\ST-LINK Utility;Z:;Y:;X:;C:\Users\y26634\AppData\Roaming\npm;C:\Users\y26634\AppData\Local\GitHubDesktop\bin;."/>
    <property name="java.vm.info" value="mixed mode"/>
    <property name="java.vendor" value="Oracle Corporation"/>
    <property name="java.vm.version" value="25.221-b11"/>
    <property name="java.ext.dirs" value="C:\Program Files\Java\jdk1.8.0_221\jre\lib\ext;C:\WINDOWS\Sun\Java\lib\ext"/>
    <property name="sun.io.unicode.encoding" value="UnicodeLittle"/>
    <property name="java.class.version" value="52.0"/>
  </properties>
  <testcase name="test01_verifyHeader" classname="sanity.GrafanaWeb" time="18.907"/>
  <testcase name="test02_verifyDefaultUsers" classname="sanity.GrafanaWeb" time="4.518"/>
  <testcase name="test03_verifyNewUser" classname="sanity.GrafanaWeb" time="9.662"/>
  <testcase name="test04_verifyUserDeletion" classname="sanity.GrafanaWeb" time="4.179"/>
  <testcase name="test05_verifyProgressSteps" classname="sanity.GrafanaWeb" time="0.594"/>
  <testcase name="test06_verifyAvatarIcon" classname="sanity.GrafanaWeb" time="4.404"/>
  <testcase name="test07_searchUsers" classname="sanity.GrafanaWeb" time="16.21"/>
  <testcase name="test07_searchUsers" classname="sanity.GrafanaWeb" time="4.566"/>
  <testcase name="test07_searchUsers" classname="sanity.GrafanaWeb" time="15.386"/>
  <testcase name="test08_dragAndDropHeader" classname="sanity.GrafanaWeb" time="5.22"/>
</testsuite>