<?xml version="1.0" encoding="UTF-8"?>
<!-- Generated by org.testng.reporters.JUnitReportReporter -->
<testsuite hostname="N15538C" name="sanity.GrafanaWebDB" tests="1" failures="0" timestamp="16 Feb 2021 14:43:55 GMT" time="21.657" errors="0">
  <testcase name="test01_loginDBAndVerifyHeader" time="21.657" classname="sanity.GrafanaWebDB"/>
</testsuite> <!-- sanity.GrafanaWebDB -->
