<?xml version="1.0" encoding="UTF-8"?>
<!-- Generated by org.testng.reporters.JUnitReportReporter -->
<testsuite hostname="N15538C" name="sanity.GrafanaAPI" tests="4" failures="0" timestamp="16 Feb 2021 14:42:40 GMT" time="19.510" errors="0">
  <testcase name="test02_addTeamAndVerify" time="2.838" classname="sanity.GrafanaAPI"/>
  <testcase name="test01_verifyTeam" time="14.755" classname="sanity.GrafanaAPI"/>
  <testcase name="test03_updateTeamAndVerify" time="0.837" classname="sanity.GrafanaAPI"/>
  <testcase name="test04_deleteTeamAndVerify" time="1.080" classname="sanity.GrafanaAPI"/>
</testsuite> <!-- sanity.GrafanaAPI -->
